<?xml version="1.0" encoding="UTF-8"?>
<!-- Generated by org.testng.reporters.JUnitReportReporter -->
<testsuite skipped="0" hostname="US_C02DRJY9MD6M" name="com.imdb.test.ImdbTest" tests="2" failures="0" timestamp="2021-01-16T17:22:12 IST" time="38.109" errors="0">
  <testcase name="loginToImdb" time="13.814" classname="com.imdb.test.ImdbTest"/>
  <system-out/>
  <testcase name="shortMovieBydateAndgetReleaseDate" time="24.295" classname="com.imdb.test.ImdbTest"/>
  <system-out/>
</testsuite> <!-- com.imdb.test.ImdbTest -->
